<?xml version="1.0" encoding="UTF-8"?>
<!-- Generated by org.testng.reporters.JUnitReportReporter -->
<testsuite hostname="Dell-Inspiron-5559" failures="0" tests="1" name="Test.LoginPageTest" time="13.001" errors="0" timestamp="2021-09-19T21:30:55 IST" skipped="0">
  <testcase classname="Test.LoginPageTest" name="TestingLoginPage" time="13.001"/>
  <system-out/>
</testsuite> <!-- Test.LoginPageTest -->
