<?xml version="1.0" encoding="UTF-8"?>
<!-- Generated by org.testng.reporters.JUnitReportReporter -->
<testsuite hostname="Dell-Inspiron-5559" failures="0" tests="1" name="Test.DemoTest" time="0.102" errors="0" timestamp="2021-09-18T23:30:33 IST" skipped="0">
  <testcase classname="Test.DemoTest" name="testing" time="0.102"/>
  <system-out/>
</testsuite> <!-- Test.DemoTest -->
