<?xml version="1.0" encoding="UTF-8"?>
<!-- Generated by org.testng.reporters.JUnitReportReporter -->
<testsuite hostname="Dell-Inspiron-5559" failures="0" tests="1" name="testHooks.LoginPageTest" time="13.464" errors="0" timestamp="2021-09-19T21:29:23 IST" skipped="0">
  <testcase classname="testHooks.LoginPageTest" name="TestingLoginPage" time="13.464"/>
  <system-out/>
</testsuite> <!-- testHooks.LoginPageTest -->
